<?xml version="1.0" encoding="UTF-8"?>
<!-- Generated by org.testng.reporters.JUnitReportReporter -->
<testsuite hostname="DESKTOP-FS8JDKK" failures="0" tests="2" name="ehosuitestcases.PatientRegistrationFormTestCases" time="82.838" errors="0" timestamp="2022-03-31T12:49:55 IST" skipped="0">
  <testcase classname="ehosuitestcases.PatientRegistrationFormTestCases" name="patientNewRegiAddEmailField" time="39.468"/>
  <system-out/>
  <testcase classname="ehosuitestcases.PatientRegistrationFormTestCases" name="patientCasualityRegiAddGuardianDetails" time="43.370"/>
  <system-out/>
</testsuite> <!-- ehosuitestcases.PatientRegistrationFormTestCases -->
