<?xml version="1.0" encoding="UTF-8"?>
<!-- Generated by org.testng.reporters.JUnitReportReporter -->
<testsuite hostname="DESKTOP-FS8JDKK" failures="0" tests="1" name="ehosuitestcases.OpdClinicConfigTestCases" time="48.019" errors="0" timestamp="2022-03-31T12:43:32 IST" skipped="0">
  <testcase classname="ehosuitestcases.OpdClinicConfigTestCases" name="addClinic" time="48.019"/>
  <system-out/>
</testsuite> <!-- ehosuitestcases.OpdClinicConfigTestCases -->
