<?xml version="1.0" encoding="UTF-8"?>
<!-- Generated by org.testng.reporters.JUnitReportReporter -->
<testsuite hostname="DESKTOP-FS8JDKK" failures="0" tests="5" name="ehosuitestcases.ManageUserTestCases" time="51.848" errors="0" timestamp="2022-03-31T15:28:00 IST" skipped="4">
  <testcase classname="ehosuitestcases.ManageUserTestCases" name="AddNewUserAsNurse" time="51.848"/>
  <system-out/>
  <testcase classname="ehosuitestcases.ManageUserTestCases" name="searchUser">
    <skipped/>
  </testcase> <!-- searchUser -->
  <system-out/>
  <testcase classname="ehosuitestcases.ManageUserTestCases" name="userStatusCheck">
    <skipped/>
  </testcase> <!-- userStatusCheck -->
  <system-out/>
  <testcase classname="ehosuitestcases.ManageUserTestCases" name="updateUser">
    <skipped/>
  </testcase> <!-- updateUser -->
  <system-out/>
  <testcase classname="ehosuitestcases.ManageUserTestCases" name="resetManageUserForm">
    <skipped/>
  </testcase> <!-- resetManageUserForm -->
  <system-out/>
</testsuite> <!-- ehosuitestcases.ManageUserTestCases -->
