<?xml version="1.0" encoding="UTF-8"?>
<!-- Generated by org.testng.reporters.JUnitReportReporter -->
<testsuite hostname="DESKTOP-FS8JDKK" failures="0" tests="3" name="ehosuitestcases.BuildingConfigTestCases" time="34.089" errors="0" timestamp="2022-03-31T12:10:55 IST" skipped="2">
  <testcase classname="ehosuitestcases.BuildingConfigTestCases" name="addBuildingDetail" time="34.089"/>
  <system-out/>
  <testcase classname="ehosuitestcases.BuildingConfigTestCases" name="deleteBlock">
    <skipped/>
  </testcase> <!-- deleteBlock -->
  <system-out/>
  <testcase classname="ehosuitestcases.BuildingConfigTestCases" name="deleteFloor">
    <skipped/>
  </testcase> <!-- deleteFloor -->
  <system-out/>
</testsuite> <!-- ehosuitestcases.BuildingConfigTestCases -->
