<?xml version="1.0" encoding="UTF-8"?>
<!-- Generated by org.testng.reporters.JUnitReportReporter -->
<testsuite hostname="DESKTOP-FS8JDKK" failures="0" tests="3" name="ehosuitestcases.HealthFacilityConfigTestCases" time="31.504" errors="0" timestamp="2022-03-31T14:54:41 IST" skipped="2">
  <testcase classname="ehosuitestcases.HealthFacilityConfigTestCases" name="addDepartment" time="31.504"/>
  <system-out/>
  <testcase classname="ehosuitestcases.HealthFacilityConfigTestCases" name="addUnit">
    <skipped/>
  </testcase> <!-- addUnit -->
  <system-out/>
  <testcase classname="ehosuitestcases.HealthFacilityConfigTestCases" name="addRegistrationCharge">
    <skipped/>
  </testcase> <!-- addRegistrationCharge -->
  <system-out/>
</testsuite> <!-- ehosuitestcases.HealthFacilityConfigTestCases -->
