<?xml version="1.0" encoding="UTF-8"?>
<!-- Generated by org.testng.reporters.JUnitReportReporter -->
<testsuite hostname="DESKTOP-FS8JDKK" failures="0" tests="9" name="ehosuitestcases.OnBoardFlow" time="71.712" errors="0" timestamp="2022-03-23T17:11:33 EDT" skipped="0">
  <testcase classname="ehosuitestcases.OnBoardFlow" name="supportEmailVerify" time="5.428"/>
  <system-out/>
  <testcase classname="ehosuitestcases.OnBoardFlow" name="verifyLoginButton" time="4.460"/>
  <system-out/>
  <testcase classname="ehosuitestcases.OnBoardFlow" name="homeLinkVerify" time="4.246"/>
  <system-out/>
  <testcase classname="ehosuitestcases.OnBoardFlow" name="verifyEhospitalOnboardLink" time="4.342"/>
  <system-out/>
  <testcase classname="ehosuitestcases.OnBoardFlow" name="verifyGovtLogo" time="3.659"/>
  <system-out/>
  <testcase classname="ehosuitestcases.OnBoardFlow" name="verifyNextGenLogo" time="17.320"/>
  <system-out/>
  <testcase classname="ehosuitestcases.OnBoardFlow" name="trackRequestStatus" time="7.084"/>
  <system-out/>
  <testcase classname="ehosuitestcases.OnBoardFlow" name="eHospitalOnBoarding" time="4.872"/>
  <system-out/>
  <testcase classname="ehosuitestcases.OnBoardFlow" name="UserLoginFlow" time="20.301"/>
  <system-out/>
</testsuite> <!-- ehosuitestcases.OnBoardFlow -->
